[15-Jan-2020 09:00:28] NOTICE: fpm is running, pid 18362
[15-Jan-2020 09:00:28] NOTICE: ready to handle connections
[15-Jan-2020 09:07:28] NOTICE: Terminating ...
[15-Jan-2020 09:07:28] NOTICE: Terminating ...
[15-Jan-2020 09:07:28] NOTICE: exiting, bye-bye!
[15-Jan-2020 09:21:59] NOTICE: fpm is running, pid 18510
[15-Jan-2020 09:21:59] NOTICE: ready to handle connections
[15-Jan-2020 10:40:03] NOTICE: Terminating ...
[15-Jan-2020 10:40:03] NOTICE: Terminating ...
[15-Jan-2020 10:40:03] NOTICE: exiting, bye-bye!
[22-Jan-2020 07:49:41] NOTICE: fpm is running, pid 32660
[22-Jan-2020 07:49:41] NOTICE: ready to handle connections
[22-Jan-2020 10:30:13] NOTICE: Terminating ...
[22-Jan-2020 10:30:13] NOTICE: Terminating ...
[22-Jan-2020 10:30:13] NOTICE: exiting, bye-bye!
[22-Jan-2020 10:43:48] NOTICE: fpm is running, pid 34708
[22-Jan-2020 10:43:48] NOTICE: ready to handle connections
[22-Jan-2020 10:44:03] NOTICE: Terminating ...
[22-Jan-2020 10:44:03] NOTICE: Terminating ...
[22-Jan-2020 10:44:03] NOTICE: exiting, bye-bye!
[29-Jan-2020 09:22:44] NOTICE: fpm is running, pid 46243
[29-Jan-2020 09:22:44] NOTICE: ready to handle connections
[29-Jan-2020 11:30:29] NOTICE: Terminating ...
[29-Jan-2020 11:30:29] NOTICE: Terminating ...
[29-Jan-2020 11:30:29] NOTICE: exiting, bye-bye!
[04-Feb-2020 19:14:00] NOTICE: fpm is running, pid 48980
[04-Feb-2020 19:14:00] NOTICE: ready to handle connections
[04-Feb-2020 19:15:40] NOTICE: Terminating ...
[04-Feb-2020 19:15:40] NOTICE: Terminating ...
[04-Feb-2020 19:15:40] NOTICE: exiting, bye-bye!
[04-Feb-2020 19:15:56] NOTICE: fpm is running, pid 49204
[04-Feb-2020 19:15:56] NOTICE: ready to handle connections
[04-Feb-2020 20:09:32] NOTICE: Terminating ...
[04-Feb-2020 20:09:32] NOTICE: Terminating ...
[04-Feb-2020 20:09:32] NOTICE: exiting, bye-bye!
[04-Feb-2020 22:32:42] NOTICE: fpm is running, pid 49856
[04-Feb-2020 22:32:42] NOTICE: ready to handle connections
[04-Feb-2020 22:38:32] NOTICE: Terminating ...
[04-Feb-2020 22:38:32] NOTICE: Terminating ...
[04-Feb-2020 22:38:32] NOTICE: exiting, bye-bye!
[05-Feb-2020 08:36:02] NOTICE: fpm is running, pid 50686
[05-Feb-2020 08:36:02] NOTICE: ready to handle connections
[05-Feb-2020 09:54:33] NOTICE: Terminating ...
[05-Feb-2020 09:54:33] NOTICE: Terminating ...
[05-Feb-2020 09:54:33] NOTICE: exiting, bye-bye!
[05-Feb-2020 09:54:35] NOTICE: fpm is running, pid 51864
[05-Feb-2020 09:54:35] NOTICE: ready to handle connections
[05-Feb-2020 10:53:31] NOTICE: Terminating ...
[05-Feb-2020 10:53:31] NOTICE: Terminating ...
[05-Feb-2020 10:53:31] NOTICE: exiting, bye-bye!
[09-Feb-2020 16:51:51] NOTICE: fpm is running, pid 61627
[09-Feb-2020 16:51:51] NOTICE: ready to handle connections
[09-Feb-2020 16:57:46] NOTICE: Terminating ...
[09-Feb-2020 16:57:46] NOTICE: Terminating ...
[09-Feb-2020 16:57:46] NOTICE: exiting, bye-bye!
[09-Feb-2020 22:19:02] NOTICE: fpm is running, pid 64000
[09-Feb-2020 22:19:02] NOTICE: ready to handle connections
[10-Feb-2020 07:51:44] NOTICE: Terminating ...
[10-Feb-2020 07:51:44] NOTICE: Terminating ...
[10-Feb-2020 07:51:44] NOTICE: exiting, bye-bye!
[10-Feb-2020 12:21:03] NOTICE: fpm is running, pid 67885
[10-Feb-2020 12:21:03] NOTICE: ready to handle connections
[11-Feb-2020 15:58:09] NOTICE: Terminating ...
[11-Feb-2020 15:58:09] NOTICE: Terminating ...
[11-Feb-2020 15:58:09] NOTICE: exiting, bye-bye!
[12-Feb-2020 08:28:05] NOTICE: fpm is running, pid 79500
[12-Feb-2020 08:28:05] NOTICE: ready to handle connections
[12-Feb-2020 08:29:59] NOTICE: Terminating ...
[12-Feb-2020 08:29:59] NOTICE: Terminating ...
[12-Feb-2020 08:29:59] NOTICE: exiting, bye-bye!
[12-Feb-2020 09:28:28] NOTICE: fpm is running, pid 79922
[12-Feb-2020 09:28:28] NOTICE: ready to handle connections
[12-Feb-2020 10:34:30] NOTICE: Terminating ...
[12-Feb-2020 10:34:30] NOTICE: Terminating ...
[12-Feb-2020 10:34:30] NOTICE: exiting, bye-bye!
[12-Feb-2020 12:50:41] NOTICE: fpm is running, pid 81877
[12-Feb-2020 12:50:41] NOTICE: ready to handle connections
[12-Feb-2020 12:53:43] NOTICE: Terminating ...
[12-Feb-2020 12:53:43] NOTICE: Terminating ...
[12-Feb-2020 12:53:43] NOTICE: exiting, bye-bye!
[19-Feb-2020 08:36:16] NOTICE: fpm is running, pid 17633
[19-Feb-2020 08:36:16] NOTICE: ready to handle connections
[19-Feb-2020 08:42:24] NOTICE: Terminating ...
[19-Feb-2020 08:42:24] NOTICE: Terminating ...
[19-Feb-2020 08:42:24] NOTICE: exiting, bye-bye!
[28-Feb-2020 14:29:23] NOTICE: fpm is running, pid 52733
[28-Feb-2020 14:29:23] NOTICE: ready to handle connections
[28-Feb-2020 14:45:28] NOTICE: Terminating ...
[28-Feb-2020 14:45:28] NOTICE: Terminating ...
[28-Feb-2020 14:45:28] NOTICE: exiting, bye-bye!
[28-Feb-2020 14:45:31] NOTICE: fpm is running, pid 52825
[28-Feb-2020 14:45:31] NOTICE: ready to handle connections
[29-Feb-2020 17:11:18] NOTICE: Terminating ...
[29-Feb-2020 17:11:18] NOTICE: Terminating ...
[29-Feb-2020 17:11:18] NOTICE: exiting, bye-bye!
[03-Mar-2020 16:45:52] NOTICE: fpm is running, pid 71575
[03-Mar-2020 16:45:52] NOTICE: ready to handle connections
[04-Mar-2020 07:48:15] NOTICE: Terminating ...
[04-Mar-2020 07:48:15] NOTICE: Terminating ...
[04-Mar-2020 07:48:15] NOTICE: exiting, bye-bye!
[04-Mar-2020 08:00:57] NOTICE: fpm is running, pid 74228
[04-Mar-2020 08:00:57] NOTICE: ready to handle connections
[04-Mar-2020 10:01:59] NOTICE: Terminating ...
[04-Mar-2020 10:01:59] NOTICE: Terminating ...
[04-Mar-2020 10:01:59] NOTICE: exiting, bye-bye!
[04-Mar-2020 10:02:03] NOTICE: fpm is running, pid 75814
[04-Mar-2020 10:02:03] NOTICE: ready to handle connections
[04-Mar-2020 12:52:28] NOTICE: Terminating ...
[04-Mar-2020 12:52:28] NOTICE: Terminating ...
[04-Mar-2020 12:52:28] NOTICE: exiting, bye-bye!
[05-Mar-2020 10:42:57] NOTICE: fpm is running, pid 85979
[05-Mar-2020 10:42:57] NOTICE: ready to handle connections
[05-Mar-2020 12:57:21] NOTICE: Terminating ...
[05-Mar-2020 12:57:21] NOTICE: Terminating ...
[05-Mar-2020 12:57:21] NOTICE: exiting, bye-bye!
[05-Mar-2020 12:57:26] NOTICE: fpm is running, pid 87006
[05-Mar-2020 12:57:26] NOTICE: ready to handle connections
[05-Mar-2020 12:58:50] NOTICE: Terminating ...
[05-Mar-2020 12:58:50] NOTICE: Terminating ...
[05-Mar-2020 12:58:50] NOTICE: exiting, bye-bye!
[05-Mar-2020 12:58:54] NOTICE: fpm is running, pid 87040
[05-Mar-2020 12:58:54] NOTICE: ready to handle connections
[05-Mar-2020 13:03:25] NOTICE: Terminating ...
[05-Mar-2020 13:03:25] NOTICE: Terminating ...
[05-Mar-2020 13:03:25] NOTICE: exiting, bye-bye!
[05-Mar-2020 13:03:29] NOTICE: fpm is running, pid 87074
[05-Mar-2020 13:03:29] NOTICE: ready to handle connections
[05-Mar-2020 13:04:50] NOTICE: Terminating ...
[05-Mar-2020 13:04:50] NOTICE: Terminating ...
[05-Mar-2020 13:04:50] NOTICE: exiting, bye-bye!
[05-Mar-2020 13:04:54] NOTICE: fpm is running, pid 87102
[05-Mar-2020 13:04:54] NOTICE: ready to handle connections
[05-Mar-2020 13:07:01] NOTICE: Terminating ...
[05-Mar-2020 13:07:01] NOTICE: Terminating ...
[05-Mar-2020 13:07:01] NOTICE: exiting, bye-bye!
[05-Mar-2020 13:07:05] NOTICE: fpm is running, pid 87135
[05-Mar-2020 13:07:05] NOTICE: ready to handle connections
[05-Mar-2020 13:09:25] NOTICE: Terminating ...
[05-Mar-2020 13:09:25] NOTICE: Terminating ...
[05-Mar-2020 13:09:25] NOTICE: exiting, bye-bye!
[05-Mar-2020 13:09:30] NOTICE: fpm is running, pid 87156
[05-Mar-2020 13:09:30] NOTICE: ready to handle connections
[05-Mar-2020 13:12:44] NOTICE: Terminating ...
[05-Mar-2020 13:12:44] NOTICE: Terminating ...
[05-Mar-2020 13:12:44] NOTICE: exiting, bye-bye!
[05-Mar-2020 13:12:49] NOTICE: fpm is running, pid 87192
[05-Mar-2020 13:12:49] NOTICE: ready to handle connections
